tempo_leader/build/intermediates/manifest_merge_blame_file/debug/manifest-merger-blame-debug-report.txt
1<?xml version="1.0" encoding="utf-8"?>
2<manifest xmlns:android="http://schemas.android.com/apk/res/android"
3    package="com.geekbrains.a1l1_helloworld"
4    android:versionCode="1"
5    android:versionName="1.0" >
6
7    <uses-sdk
8        android:minSdkVersion="19"
8-->src\main\AndroidManifest.xml
9        android:targetSdkVersion="29" />
9-->src\main\AndroidManifest.xml
10
11    <application
11-->src\main\AndroidManifest.xml:5:5-56:19
12        android:allowBackup="true"
12-->src\main\AndroidManifest.xml:6:9-35
13        android:appComponentFactory="androidx.core.app.CoreComponentFactory"
13-->[androidx.core:core:1.1.0] AndroidManifest.xml:24:18-86
14        android:debuggable="true"
15        android:icon="@mipmap/ic_launcher"
15-->src\main\AndroidManifest.xml:7:9-43
16        android:label="@string/app_name"
16-->src\main\AndroidManifest.xml:8:9-41
17        android:supportsRtl="true"
17-->src\main\AndroidManifest.xml:9:9-35
18        android:theme="@style/AppTheme" >
18-->src\main\AndroidManifest.xml:10:9-40
19        <activity
19-->src\main\AndroidManifest.xml:11:9-21:20
20            android:name="ru.bartex.p010_train.MainActivity"
20-->src\main\AndroidManifest.xml:12:13-41
21            android:label="@string/app_name"
21-->src\main\AndroidManifest.xml:13:13-45
22            android:launchMode="singleTop"
22-->src\main\AndroidManifest.xml:14:13-43
23            android:theme="@style/AppTheme.NoActionBar" >
23-->src\main\AndroidManifest.xml:15:13-56
24            <intent-filter>
24-->src\main\AndroidManifest.xml:16:13-20:29
25                <action android:name="android.intent.action.MAIN" />
25-->src\main\AndroidManifest.xml:17:17-68
25-->src\main\AndroidManifest.xml:17:25-66
26
27                <category android:name="android.intent.category.LAUNCHER" />
27-->src\main\AndroidManifest.xml:19:17-76
27-->src\main\AndroidManifest.xml:19:27-74
28            </intent-filter>
29        </activity>
30        <activity android:name="ru.bartex.p010_train.TimeMeterActivity" >
30-->src\main\AndroidManifest.xml:22:9-23:20
30-->src\main\AndroidManifest.xml:22:19-52
31        </activity>
32        <activity android:name="ru.bartex.p010_train.TimeGrafActivity" >
32-->src\main\AndroidManifest.xml:24:9-25:20
32-->src\main\AndroidManifest.xml:24:19-51
33        </activity>
34        <activity android:name="ru.bartex.p010_train.PrefActivity" >
34-->src\main\AndroidManifest.xml:26:9-27:20
34-->src\main\AndroidManifest.xml:26:19-47
35        </activity>
36        <activity
36-->src\main\AndroidManifest.xml:28:9-35:20
37            android:name="ru.bartex.p010_train.SetListActivity"
37-->src\main\AndroidManifest.xml:29:13-44
38            android:parentActivityName="ru.bartex.p010_train.MainActivity"
38-->src\main\AndroidManifest.xml:30:13-55
39            android:windowSoftInputMode="stateHidden" >
39-->src\main\AndroidManifest.xml:31:13-54
40            <meta-data
40-->src\main\AndroidManifest.xml:32:13-34:48
41                android:name="android.support.PARENT_ACTIVITY"
41-->src\main\AndroidManifest.xml:33:17-63
42                android:value=".MainActivity" />
42-->src\main\AndroidManifest.xml:34:17-46
43        </activity>
44        <activity
44-->src\main\AndroidManifest.xml:36:9-39:20
45            android:name="ru.bartex.p010_train.DetailActivity"
45-->src\main\AndroidManifest.xml:37:13-43
46            android:windowSoftInputMode="stateVisible" >
46-->src\main\AndroidManifest.xml:38:13-55
47        </activity>
48        <activity
48-->src\main\AndroidManifest.xml:40:9-43:20
49            android:name="ru.bartex.p010_train.HelpMainActivity"
49-->src\main\AndroidManifest.xml:41:13-45
50            android:label="" >
50-->src\main\AndroidManifest.xml:42:13-29
51        </activity>
52        <activity
52-->src\main\AndroidManifest.xml:44:9-48:20
53            android:name="ru.bartex.p010_train.TabBarActivity"
53-->src\main\AndroidManifest.xml:45:13-43
54            android:label="@string/title_activity_tab_bar"
54-->src\main\AndroidManifest.xml:46:13-59
55            android:theme="@style/AppTheme.NoActionBar" >
55-->src\main\AndroidManifest.xml:47:13-56
56        </activity>
57        <activity
57-->src\main\AndroidManifest.xml:49:9-52:20
58            android:name="ru.bartex.p010_train.ChangeTempActivity"
58-->src\main\AndroidManifest.xml:50:13-47
59            android:label="@string/change_name" >
59-->src\main\AndroidManifest.xml:51:13-48
60        </activity>
61        <activity
61-->src\main\AndroidManifest.xml:53:9-55:20
62            android:name="ru.bartex.p010_train.NewExerciseActivity"
62-->src\main\AndroidManifest.xml:53:19-54
63            android:label="@string/new_name" >
63-->src\main\AndroidManifest.xml:54:19-51
64        </activity>
65    </application>
66
67</manifest>